<?xml version="1.0" encoding="UTF-8"?>
<robot generator="Robot 7.1.1 (Python 3.12.5 on win32)" generated="2025-03-21T19:50:21.818218" rpa="false" schemaversion="5">
<suite id="s1" name="Teste" source="C:\Users\Welden\ProjetoRobotCICD\ProjetoRobotCICD\Tests\teste.robot">
<test id="s1-t1" name="Cenário: Validar que preencher a tela principal com dados válidos o sistema permite a inserção da imagem" line="11">
<kw name="Given que acesso o site" owner="stepsTeste">
<kw name="Acessar o Site" owner="globalPage">
<kw name="Open Browser" owner="SeleniumLibrary">
<msg time="2025-03-21T19:50:22.390122" level="INFO">Opening browser 'chrome' to base url 'https://erickwendel.github.io/vanilla-js-web-app-example/'.</msg>
<arg>${URL}</arg>
<arg>${BROWSER}</arg>
<doc>Opens a new browser instance to the optional ``url``.</doc>
<status status="PASS" start="2025-03-21T19:50:22.390122" elapsed="15.976243"/>
</kw>
<kw name="Set Selenium Timeout" owner="SeleniumLibrary">
<arg>15s</arg>
<doc>Sets the timeout that is used by various keywords.</doc>
<status status="PASS" start="2025-03-21T19:50:38.366365" elapsed="0.003048"/>
</kw>
<kw name="Maximize Browser Window" owner="SeleniumLibrary">
<doc>Maximizes current browser window.</doc>
<status status="PASS" start="2025-03-21T19:50:38.369413" elapsed="0.038484"/>
</kw>
<status status="PASS" start="2025-03-21T19:50:22.390122" elapsed="16.017775"/>
</kw>
<status status="PASS" start="2025-03-21T19:50:22.390122" elapsed="16.018359"/>
</kw>
<kw name="When envio uma imagem válida" owner="stepsTeste">
<kw name="preencher o campo de texto image title com o valor ${IMAGE_TEXT}" owner="screenTeste" source_name="Preencher o campo de texto image title com o valor ${TITLE}">
<kw name="Input Text" owner="SeleniumLibrary">
<msg time="2025-03-21T19:50:38.409483" level="INFO">Typing text 'ET - Spielberg' into text field 'id=title'.</msg>
<arg>${INPUT_TITLE}</arg>
<arg>${TITLE}</arg>
<doc>Types the given ``text`` into the text field identified by ``locator``.</doc>
<status status="PASS" start="2025-03-21T19:50:38.408481" elapsed="0.095679"/>
</kw>
<status status="PASS" start="2025-03-21T19:50:38.408481" elapsed="0.096020"/>
</kw>
<kw name="preencher o campo de texto image URL com o valor ${IMAGE_URL}" owner="screenTeste" source_name="Preencher o campo de texto image URL com o valor ${URL}">
<kw name="Input Text" owner="SeleniumLibrary">
<msg time="2025-03-21T19:50:38.506706" level="INFO">Typing text 'https://ingresso-a.akamaihd.net/b2b/production/uploads/article/image/836/et-o-extraterrestre-40-anos-imax.jpg' into text field 'id=imageUrl'.</msg>
<arg>${INPUT_URL_TITLE}</arg>
<arg>${URL}</arg>
<doc>Types the given ``text`` into the text field identified by ``locator``.</doc>
<status status="PASS" start="2025-03-21T19:50:38.506706" elapsed="0.132210"/>
</kw>
<status status="PASS" start="2025-03-21T19:50:38.505317" elapsed="0.133599"/>
</kw>
<kw name="Clicar no botão enviar" owner="screenTeste">
<kw name="Click Element" owner="SeleniumLibrary">
<msg time="2025-03-21T19:50:38.638916" level="INFO">Clicking element 'id=btnSubmit'.</msg>
<arg>${BUTTON_SEND}</arg>
<doc>Click the element identified by ``locator``.</doc>
<status status="PASS" start="2025-03-21T19:50:38.638916" elapsed="0.048009"/>
</kw>
<status status="PASS" start="2025-03-21T19:50:38.638916" elapsed="0.048009"/>
</kw>
<status status="PASS" start="2025-03-21T19:50:38.408481" elapsed="0.278444"/>
</kw>
<kw name="Then devo ver a imagem inserida na tela principal" owner="stepsTeste">
<kw name="Validar que o texto da imagem é ${IMAGE_TEXT}" owner="screenTeste" source_name="Validar que o texto da imagem é ${TEXT}">
<kw name="Set Variable" owner="BuiltIn">
<msg time="2025-03-21T19:50:38.692771" level="INFO">${IMAGE_TEXT} = //h4[text()="ET - Spielberg"]</msg>
<var>${IMAGE_TEXT}</var>
<arg>//h4[text()="${TEXT}"]</arg>
<doc>Returns the given values which can then be assigned to a variables.</doc>
<status status="PASS" start="2025-03-21T19:50:38.692771" elapsed="0.000000"/>
</kw>
<kw name="Wait Until Element Is Visible" owner="SeleniumLibrary">
<arg>${IMAGE_TEXT}</arg>
<doc>Waits until the element ``locator`` is visible.</doc>
<status status="PASS" start="2025-03-21T19:50:38.692771" elapsed="0.240919"/>
</kw>
<kw name="Element Should Be Visible" owner="SeleniumLibrary">
<msg time="2025-03-21T19:50:38.953654" level="INFO">Element '//h4[text()="ET - Spielberg"]' is displayed.</msg>
<arg>${IMAGE_TEXT}</arg>
<doc>Verifies that the element identified by ``locator`` is visible.</doc>
<status status="PASS" start="2025-03-21T19:50:38.934705" elapsed="0.018949"/>
</kw>
<status status="PASS" start="2025-03-21T19:50:38.692771" elapsed="0.260883"/>
</kw>
<kw name="Validar que a imagem da URL ${IMAGE_URL} foi inserida" owner="screenTeste" source_name="Validar que a imagem da URL ${IMAGE_URL} foi inserida">
<kw name="Set Variable" owner="BuiltIn">
<msg time="2025-03-21T19:50:38.953654" level="INFO">${IMAGE_URL} = //img[@src="https://ingresso-a.akamaihd.net/b2b/production/uploads/article/image/836/et-o-extraterrestre-40-anos-imax.jpg"]</msg>
<var>${IMAGE_URL}</var>
<arg>//img[@src="${IMAGE_URL}"]</arg>
<doc>Returns the given values which can then be assigned to a variables.</doc>
<status status="PASS" start="2025-03-21T19:50:38.953654" elapsed="0.000000"/>
</kw>
<kw name="Wait Until Element Is Visible" owner="SeleniumLibrary">
<arg>${IMAGE_URL}</arg>
<doc>Waits until the element ``locator`` is visible.</doc>
<status status="PASS" start="2025-03-21T19:50:38.953654" elapsed="0.017232"/>
</kw>
<kw name="Element Should Be Visible" owner="SeleniumLibrary">
<msg time="2025-03-21T19:50:38.979166" level="INFO">Element '//img[@src="https://ingresso-a.akamaihd.net/b2b/production/uploads/article/image/836/et-o-extraterrestre-40-anos-imax.jpg"]' is displayed.</msg>
<arg>${IMAGE_URL}</arg>
<doc>Verifies that the element identified by ``locator`` is visible.</doc>
<status status="PASS" start="2025-03-21T19:50:38.970886" elapsed="0.008280"/>
</kw>
<status status="PASS" start="2025-03-21T19:50:38.953654" elapsed="0.025512"/>
</kw>
<status status="PASS" start="2025-03-21T19:50:38.692771" elapsed="0.286395"/>
</kw>
<status status="PASS" start="2025-03-21T19:50:22.388118" elapsed="16.591048"/>
</test>
<kw name="Sleep" owner="BuiltIn" type="TEARDOWN">
<msg time="2025-03-21T20:23:59.000580" level="INFO">Slept 33 minutes 20 seconds.</msg>
<arg>2000</arg>
<doc>Pauses the test executed for the given time.</doc>
<status status="PASS" start="2025-03-21T19:50:38.979166" elapsed="2000.052580"/>
</kw>
<status status="PASS" start="2025-03-21T19:50:21.828507" elapsed="2017.203239"/>
</suite>
<statistics>
<total>
<stat pass="1" fail="0" skip="0">All Tests</stat>
</total>
<tag>
</tag>
<suite>
<stat pass="1" fail="0" skip="0" id="s1" name="Teste">Teste</stat>
</suite>
</statistics>
<errors>
</errors>
</robot>
" owner="BuiltIn" type="TEARDOWN">
<msg time="2025-03-21T20:23:08.365147" level="INFO">Slept 33 minutes 20 seconds.</msg>
<arg>2000</arg>
<doc>Pauses the test executed for the given time.</doc>
<status status="PASS" start="2025-03-21T19:49:48.338390" elapsed="2000.047624"/>
</kw>
<status status="FAIL" start="2025-03-21T19:49:19.721388" elapsed="2028.669289"/>
</suite>
<statistics>
<total>
<stat pass="0" fail="1" skip="0">All Tests</stat>
</total>
<tag>
</tag>
<suite>
<stat pass="0" fail="1" skip="0" id="s1" name="Teste">Teste</stat>
</suite>
</statistics>
<errors>
</errors>
</robot>
d=btnSubmit'.</msg>
<arg>${BUTTON_SEND}</arg>
<doc>Click the element identified by ``locator``.</doc>
<status status="PASS" start="2025-03-21T20:03:00.828399" elapsed="0.053337"/>
</kw>
<status status="PASS" start="2025-03-21T20:03:00.828399" elapsed="0.053337"/>
</kw>
<status status="PASS" start="2025-03-21T20:03:00.595736" elapsed="0.286000"/>
</kw>
<kw name="Then devo ver a imagem inserida na tela principal" owner="stepsTeste">
<kw name="Validar que o texto da imagem é ${IMAGE_TEXT}" owner="screenTeste" source_name="Validar que o texto da imagem é ${TEXT}">
<kw name="Set Variable" owner="BuiltIn">
<msg time="2025-03-21T20:03:00.885127" level="INFO">${IMAGE_TEXT} = //h4[text()="ET - Spielberg"]</msg>
<var>${IMAGE_TEXT}</var>
<arg>//h4[text()="${TEXT}"]</arg>
<doc>Returns the given values which can then be assigned to a variables.</doc>
<status status="PASS" start="2025-03-21T20:03:00.885127" elapsed="0.000000"/>
</kw>
<kw name="Wait Until Element Is Visible" owner="SeleniumLibrary">
<arg>${IMAGE_TEXT}</arg>
<doc>Waits until the element ``locator`` is visible.</doc>
<status status="PASS" start="2025-03-21T20:03:00.885127" elapsed="0.246799"/>
</kw>
<kw name="Element Should Be Visible" owner="SeleniumLibrary">
<msg time="2025-03-21T20:03:01.156260" level="INFO">Element '//h4[text()="ET - Spielberg"]' is displayed.</msg>
<arg>${IMAGE_TEXT}</arg>
<doc>Verifies that the element identified by ``locator`` is visible.</doc>
<status status="PASS" start="2025-03-21T20:03:01.132827" elapsed="0.023433"/>
</kw>
<status status="PASS" start="2025-03-21T20:03:00.885127" elapsed="0.271133"/>
</kw>
<kw name="Validar que a imagem da URL ${IMAGE_URL} foi inserida" owner="screenTeste" source_name="Validar que a imagem da URL ${IMAGE_URL} foi inserida">
<kw name="Set Variable" owner="BuiltIn">
<msg time="2025-03-21T20:03:01.156260" level="INFO">${IMAGE_URL} = //img[@src="https://ingresso-a.akamaihd.net/b2b/production/uploads/article/image/836/et-o-extraterrestre-40-anos-imax.jpg"]</msg>
<var>${IMAGE_URL}</var>
<arg>//img[@src="${IMAGE_URL}"]</arg>
<doc>Returns the given values which can then be assigned to a variables.</doc>
<status status="PASS" start="2025-03-21T20:03:01.156260" elapsed="0.000000"/>
</kw>
<kw name="Wait Until Element Is Visible" owner="SeleniumLibrary">
<arg>${IMAGE_URL}</arg>
<doc>Waits until the element ``locator`` is visible.</doc>
<status status="PASS" start="2025-03-21T20:03:01.159413" elapsed="0.047589"/>
</kw>
<kw name="Element Should Be Visible" owner="SeleniumLibrary">
<msg time="2025-03-21T20:03:01.224000" level="INFO">Element '//img[@src="https://ingresso-a.akamaihd.net/b2b/production/uploads/article/image/836/et-o-extraterrestre-40-anos-imax.jpg"]' is displayed.</msg>
<arg>${IMAGE_URL}</arg>
<doc>Verifies that the element identified by ``locator`` is visible.</doc>
<status status="PASS" start="2025-03-21T20:03:01.208611" elapsed="0.015389"/>
</kw>
<status status="PASS" start="2025-03-21T20:03:01.156260" elapsed="0.067740"/>
</kw>
<status status="PASS" start="2025-03-21T20:03:00.885127" elapsed="0.338873"/>
</kw>
<status status="PASS" start="2025-03-21T20:02:43.889917" elapsed="17.334083"/>
</test>
<test id="s1-t3" name="Cenário: Validar que ao clicar em enviar sem preencher o campo image title o sistema apresenta mensagem de falha" line="16">
<kw name="Given que acesso o site" owner="stepsTeste">
<kw name="Acessar o Site" owner="globalPage">
<kw name="Open Browser" owner="SeleniumLibrary">
<msg time="2025-03-21T20:03:01.225894" level="INFO">Opening browser 'chrome' to base url 'https://erickwendel.github.io/vanilla-js-web-app-example/'.</msg>
<arg>${URL}</arg>
<arg>${BROWSER}</arg>
<doc>Opens a new browser instance to the optional ``url``.</doc>
<status status="PASS" start="2025-03-21T20:03:01.225894" elapsed="15.328360"/>
</kw>
<kw name="Set Selenium Timeout" owner="SeleniumLibrary">
<arg>15s</arg>
<doc>Sets the timeout that is used by various keywords.</doc>
<status status="PASS" start="2025-03-21T20:03:16.555254" elapsed="0.007010"/>
</kw>
<kw name="Maximize Browser Window" owner="SeleniumLibrary">
<doc>Maximizes current browser window.</doc>
<status status="PASS" start="2025-03-21T20:03:16.562264" elapsed="0.030960"/>
</kw>
<status status="PASS" start="2025-03-21T20:03:01.225894" elapsed="15.367330"/>
</kw>
<status status="PASS" start="2025-03-21T20:03:01.225894" elapsed="15.367842"/>
</kw>
<kw name="When enviar uma imagem sem preencher o campo image title" owner="stepsTeste">
<kw name="Preencher o campo de texto image URL com o valor ${IMAGE_URL}" owner="screenTeste" source_name="Preencher o campo de texto image URL com o valor ${URL}">
<kw name="Input Text" owner="SeleniumLibrary">
<msg time="2025-03-21T20:03:16.594740" level="INFO">Typing text 'https://ingresso-a.akamaihd.net/b2b/production/uploads/article/image/836/et-o-extraterrestre-40-anos-imax.jpg' into text field 'id=imageUrl'.</msg>
<arg>${INPUT_URL_TITLE}</arg>
<arg>${URL}</arg>
<doc>Types the given ``text`` into the text field identified by ``locator``.</doc>
<status status="PASS" start="2025-03-21T20:03:16.593736" elapsed="0.166131"/>
</kw>
<status status="PASS" start="2025-03-21T20:03:16.593736" elapsed="0.166131"/>
</kw>
<kw name="Clicar no botão enviar" owner="screenTeste">
<kw name="Click Element" owner="SeleniumLibrary">
<msg time="2025-03-21T20:03:16.759867" level="INFO">Clicking element 'id=btnSubmit'.</msg>
<arg>${BUTTON_SEND}</arg>
<doc>Click the element identified by ``locator``.</doc>
<status status="PASS" start="2025-03-21T20:03:16.759867" elapsed="0.058145"/>
</kw>
<status status="PASS" start="2025-03-21T20:03:16.759867" elapsed="0.058145"/>
</kw>
<status status="PASS" start="2025-03-21T20:03:16.593736" elapsed="0.224276"/>
</kw>
<kw name="Then devo ver a mensagem de falha do campo image title" owner="stepsTeste">
<kw name="Validar mensagem de erro no campo image title" owner="screenTeste">
<kw name="Wait Until Element Is Visible" owner="SeleniumLibrary">
<arg>${MODAL_ERROR_INPUT_TITLE}</arg>
<doc>Waits until the element ``locator`` is visible.</doc>
<status status="PASS" start="2025-03-21T20:03:16.820017" elapsed="0.026423"/>
</kw>
<status status="PASS" start="2025-03-21T20:03:16.818012" elapsed="0.029993"/>
</kw>
<status status="PASS" start="2025-03-21T20:03:16.818012" elapsed="0.029993"/>
</kw>
<status status="PASS" start="2025-03-21T20:03:01.224979" elapsed="15.623026"/>
</test>
<test id="s1-t4" name="Cenário: Validar que ao clicar em enviar sem preencher o campo image URL o sistema apresenta mensagem de falha" line="21">
<kw name="Given que acesso o site" owner="stepsTeste">
<kw name="Acessar o Site" owner="globalPage">
<kw name="Open Browser" owner="SeleniumLibrary">
<msg time="2025-03-21T20:03:16.850539" level="INFO">Opening browser 'chrome' to base url 'https://erickwendel.github.io/vanilla-js-web-app-example/'.</msg>
<arg>${URL}</arg>
<arg>${BROWSER}</arg>
<doc>Opens a new browser instance to the optional ``url``.</doc>
<status status="PASS" start="2025-03-21T20:03:16.849530" elapsed="13.181554"/>
</kw>
<kw name="Set Selenium Timeout" owner="SeleniumLibrary">
<arg>15s</arg>
<doc>Sets the timeout that is used by various keywords.</doc>
<status status="PASS" start="2025-03-21T20:03:30.031084" elapsed="0.006599"/>
</kw>
<kw name="Maximize Browser Window" owner="SeleniumLibrary">
<doc>Maximizes current browser window.</doc>
<status status="PASS" start="2025-03-21T20:03:30.039275" elapsed="0.048737"/>
</kw>
<status status="PASS" start="2025-03-21T20:03:16.849530" elapsed="13.238482"/>
</kw>
<status status="PASS" start="2025-03-21T20:03:16.849530" elapsed="13.238482"/>
</kw>
<kw name="When enviar uma imagem sem preencher o campo image URL" owner="stepsTeste">
<kw name="Preencher o campo de texto image title com o valor ${IMAGE_TEXT}" owner="screenTeste" source_name="Preencher o campo de texto image title com o valor ${TITLE}">
<kw name="Input Text" owner="SeleniumLibrary">
<msg time="2025-03-21T20:03:30.089915" level="INFO">Typing text 'ET - Spielberg' into text field 'id=title'.</msg>
<arg>${INPUT_TITLE}</arg>
<arg>${TITLE}</arg>
<doc>Types the given ``text`` into the text field identified by ``locator``.</doc>
<status status="PASS" start="2025-03-21T20:03:30.089915" elapsed="0.096770"/>
</kw>
<status status="PASS" start="2025-03-21T20:03:30.088953" elapsed="0.097732"/>
</kw>
<kw name="Clicar no botão enviar" owner="screenTeste">
<kw name="Click Element" owner="SeleniumLibrary">
<msg time="2025-03-21T20:03:30.190550" level="INFO">Clicking element 'id=btnSubmit'.</msg>
<arg>${BUTTON_SEND}</arg>
<doc>Click the element identified by ``locator``.</doc>
<status status="PASS" start="2025-03-21T20:03:30.190550" elapsed="0.060366"/>
</kw>
<status status="PASS" start="2025-03-21T20:03:30.190550" elapsed="0.060366"/>
</kw>
<status status="PASS" start="2025-03-21T20:03:30.088953" elapsed="0.161963"/>
</kw>
<kw name="Then devo ver a mensagem de falha do campo image URL" owner="stepsTeste">
<kw name="Validar mensagem de erro no campo image URL" owner="screenTeste">
<kw name="Wait Until Element Is Visible" owner="SeleniumLibrary">
<arg>${MODAL_ERROR_INPUT_URL_TITLE}</arg>
<doc>Waits until the element ``locator`` is visible.</doc>
<status status="PASS" start="2025-03-21T20:03:30.252920" elapsed="0.016822"/>
</kw>
<status status="PASS" start="2025-03-21T20:03:30.252920" elapsed="0.016822"/>
</kw>
<status status="PASS" start="2025-03-21T20:03:30.250916" elapsed="0.018826"/>
</kw>
<status status="PASS" start="2025-03-21T20:03:16.848524" elapsed="13.421218"/>
</test>
<kw name="Close Browser" owner="SeleniumLibrary" type="TEARDOWN">
<doc>Closes the current browser.</doc>
<status status="PASS" start="2025-03-21T20:03:30.269742" elapsed="2.148287"/>
</kw>
<status status="PASS" start="2025-03-21T20:02:25.431538" elapsed="66.986882"/>
</suite>
<statistics>
<total>
<stat pass="4" fail="0" skip="0">All Tests</stat>
</total>
<tag>
</tag>
<suite>
<stat pass="4" fail="0" skip="0" id="s1" name="Teste">Teste</stat>
</suite>
</statistics>
<errors>
</errors>
</robot>
